mode: set
github.com/aasyanov/uewal/internal/crc/crc.go:17.35,19.2 1 1
github.com/aasyanov/uewal/append.go:12.36,14.2 1 1
github.com/aasyanov/uewal/append.go:16.35,18.2 1 1
github.com/aasyanov/uewal/append.go:21.110,22.20 1 1
github.com/aasyanov/uewal/append.go:22.20,24.3 1 0
github.com/aasyanov/uewal/append.go:26.2,26.45 1 1
github.com/aasyanov/uewal/append.go:26.45,28.3 1 1
github.com/aasyanov/uewal/append.go:30.2,30.45 1 1
github.com/aasyanov/uewal/append.go:30.45,32.20 2 1
github.com/aasyanov/uewal/append.go:32.20,34.4 1 1
github.com/aasyanov/uewal/append.go:34.9,36.4 1 0
github.com/aasyanov/uewal/append.go:37.3,38.32 2 1
github.com/aasyanov/uewal/append.go:38.32,39.19 1 1
github.com/aasyanov/uewal/append.go:39.19,41.5 1 1
github.com/aasyanov/uewal/append.go:42.4,42.30 1 1
github.com/aasyanov/uewal/append.go:44.8,44.53 1 1
github.com/aasyanov/uewal/append.go:44.53,46.32 2 1
github.com/aasyanov/uewal/append.go:46.32,47.19 1 1
github.com/aasyanov/uewal/append.go:47.19,49.5 1 1
github.com/aasyanov/uewal/append.go:50.4,50.30 1 1
github.com/aasyanov/uewal/append.go:54.2,67.28 5 1
github.com/aasyanov/uewal/append.go:68.17,69.27 1 1
github.com/aasyanov/uewal/append.go:69.27,70.19 1 0
github.com/aasyanov/uewal/append.go:70.19,72.5 1 0
github.com/aasyanov/uewal/append.go:73.4,73.23 1 0
github.com/aasyanov/uewal/append.go:75.16,76.30 1 1
github.com/aasyanov/uewal/append.go:76.30,79.19 3 1
github.com/aasyanov/uewal/append.go:79.19,81.5 1 1
github.com/aasyanov/uewal/append.go:82.4,82.23 1 1
github.com/aasyanov/uewal/append.go:84.17,85.30 1 1
github.com/aasyanov/uewal/append.go:85.30,86.19 1 1
github.com/aasyanov/uewal/append.go:86.19,88.5 1 1
github.com/aasyanov/uewal/append.go:89.4,89.26 1 1
github.com/aasyanov/uewal/append.go:93.2,93.21 1 1
github.com/aasyanov/uewal/durable.go:30.41,31.30 1 1
github.com/aasyanov/uewal/durable.go:31.30,33.3 1 1
github.com/aasyanov/uewal/durable.go:35.2,37.30 3 1
github.com/aasyanov/uewal/durable.go:37.30,40.3 2 0
github.com/aasyanov/uewal/durable.go:41.2,44.6 3 1
github.com/aasyanov/uewal/durable.go:49.50,50.6 1 1
github.com/aasyanov/uewal/durable.go:50.6,52.23 2 1
github.com/aasyanov/uewal/durable.go:52.23,54.4 1 1
github.com/aasyanov/uewal/durable.go:55.3,55.48 1 1
github.com/aasyanov/uewal/durable.go:55.48,56.9 1 1
github.com/aasyanov/uewal/durable.go:60.2,62.30 3 1
github.com/aasyanov/uewal/durable.go:62.30,63.25 1 1
github.com/aasyanov/uewal/durable.go:63.25,65.4 1 1
github.com/aasyanov/uewal/durable.go:65.9,67.4 1 0
github.com/aasyanov/uewal/durable.go:69.2,70.15 2 1
github.com/aasyanov/uewal/durable.go:76.35,81.45 4 1
github.com/aasyanov/uewal/durable.go:81.45,83.3 1 1
github.com/aasyanov/uewal/durable.go:84.2,85.27 2 1
github.com/aasyanov/uewal/durable.go:85.27,86.47 1 1
github.com/aasyanov/uewal/durable.go:86.47,88.4 1 0
github.com/aasyanov/uewal/durable.go:90.2,91.12 2 1
github.com/aasyanov/uewal/durable.go:95.37,97.30 2 1
github.com/aasyanov/uewal/durable.go:97.30,99.3 1 1
github.com/aasyanov/uewal/durable.go:100.2,101.15 2 1
github.com/aasyanov/uewal/encoding.go:55.40,56.14 1 1
github.com/aasyanov/uewal/encoding.go:56.14,58.3 1 1
github.com/aasyanov/uewal/encoding.go:59.2,59.10 1 1
github.com/aasyanov/uewal/encoding.go:62.51,64.2 1 1
github.com/aasyanov/uewal/encoding.go:66.58,68.22 2 1
github.com/aasyanov/uewal/encoding.go:68.22,70.3 1 1
github.com/aasyanov/uewal/encoding.go:71.2,71.10 1 1
github.com/aasyanov/uewal/encoding.go:75.43,76.20 1 1
github.com/aasyanov/uewal/encoding.go:76.20,78.3 1 1
github.com/aasyanov/uewal/encoding.go:79.2,80.33 2 1
github.com/aasyanov/uewal/encoding.go:80.33,81.30 1 1
github.com/aasyanov/uewal/encoding.go:81.30,83.4 1 1
github.com/aasyanov/uewal/encoding.go:85.2,85.13 1 1
github.com/aasyanov/uewal/encoding.go:91.72,93.22 2 1
github.com/aasyanov/uewal/encoding.go:93.22,95.15 2 1
github.com/aasyanov/uewal/encoding.go:95.15,98.4 2 1
github.com/aasyanov/uewal/encoding.go:99.3,103.21 5 1
github.com/aasyanov/uewal/encoding.go:103.21,105.4 1 1
github.com/aasyanov/uewal/encoding.go:106.3,106.22 1 1
github.com/aasyanov/uewal/encoding.go:106.22,108.4 1 1
github.com/aasyanov/uewal/encoding.go:109.3,109.36 1 1
github.com/aasyanov/uewal/encoding.go:111.2,111.12 1 1
github.com/aasyanov/uewal/encoding.go:118.119,120.2 1 1
github.com/aasyanov/uewal/encoding.go:124.164,126.28 2 1
github.com/aasyanov/uewal/encoding.go:126.28,128.3 1 1
github.com/aasyanov/uewal/encoding.go:128.8,130.3 1 1
github.com/aasyanov/uewal/encoding.go:131.2,134.28 3 1
github.com/aasyanov/uewal/encoding.go:134.28,136.3 1 1
github.com/aasyanov/uewal/encoding.go:136.8,138.3 1 1
github.com/aasyanov/uewal/encoding.go:139.2,142.34 2 1
github.com/aasyanov/uewal/encoding.go:142.34,144.3 1 0
github.com/aasyanov/uewal/encoding.go:144.8,146.3 1 1
github.com/aasyanov/uewal/encoding.go:149.2,153.14 4 1
github.com/aasyanov/uewal/encoding.go:153.14,155.3 1 1
github.com/aasyanov/uewal/encoding.go:157.2,159.32 2 1
github.com/aasyanov/uewal/encoding.go:159.32,161.17 2 1
github.com/aasyanov/uewal/encoding.go:161.17,163.4 1 1
github.com/aasyanov/uewal/encoding.go:164.3,164.41 1 1
github.com/aasyanov/uewal/encoding.go:164.41,167.4 2 1
github.com/aasyanov/uewal/encoding.go:170.2,173.26 2 1
github.com/aasyanov/uewal/encoding.go:173.26,177.3 3 0
github.com/aasyanov/uewal/encoding.go:177.8,179.3 1 1
github.com/aasyanov/uewal/encoding.go:182.2,191.31 8 1
github.com/aasyanov/uewal/encoding.go:191.31,193.3 1 1
github.com/aasyanov/uewal/encoding.go:196.2,200.40 4 1
github.com/aasyanov/uewal/encoding.go:215.67,217.36 2 1
github.com/aasyanov/uewal/encoding.go:217.36,219.3 1 1
github.com/aasyanov/uewal/encoding.go:221.2,221.88 1 1
github.com/aasyanov/uewal/encoding.go:221.88,223.3 1 1
github.com/aasyanov/uewal/encoding.go:225.2,226.36 2 1
github.com/aasyanov/uewal/encoding.go:226.36,228.3 1 1
github.com/aasyanov/uewal/encoding.go:230.2,239.68 8 1
github.com/aasyanov/uewal/encoding.go:239.68,241.3 1 1
github.com/aasyanov/uewal/encoding.go:243.2,246.30 4 1
github.com/aasyanov/uewal/encoding.go:246.30,248.3 1 1
github.com/aasyanov/uewal/encoding.go:250.2,250.18 1 1
github.com/aasyanov/uewal/encoding.go:258.86,260.2 1 1
github.com/aasyanov/uewal/encoding.go:263.103,265.16 2 1
github.com/aasyanov/uewal/encoding.go:265.16,267.3 1 1
github.com/aasyanov/uewal/encoding.go:269.2,272.36 3 1
github.com/aasyanov/uewal/encoding.go:272.36,273.20 1 1
github.com/aasyanov/uewal/encoding.go:273.20,275.4 1 1
github.com/aasyanov/uewal/encoding.go:276.3,277.18 2 1
github.com/aasyanov/uewal/encoding.go:277.18,279.4 1 1
github.com/aasyanov/uewal/encoding.go:280.3,280.29 1 1
github.com/aasyanov/uewal/encoding.go:283.2,285.46 2 1
github.com/aasyanov/uewal/encoding.go:285.46,287.36 2 1
github.com/aasyanov/uewal/encoding.go:287.36,289.4 1 0
github.com/aasyanov/uewal/encoding.go:290.3,290.33 1 1
github.com/aasyanov/uewal/encoding.go:293.2,297.42 4 1
github.com/aasyanov/uewal/encoding.go:297.42,298.39 1 1
github.com/aasyanov/uewal/encoding.go:298.39,300.4 1 0
github.com/aasyanov/uewal/encoding.go:302.3,303.15 2 1
github.com/aasyanov/uewal/encoding.go:303.15,306.4 2 1
github.com/aasyanov/uewal/encoding.go:306.9,308.4 1 1
github.com/aasyanov/uewal/encoding.go:310.3,318.32 8 1
github.com/aasyanov/uewal/encoding.go:318.32,320.4 1 0
github.com/aasyanov/uewal/encoding.go:322.3,323.17 2 1
github.com/aasyanov/uewal/encoding.go:323.17,326.4 2 1
github.com/aasyanov/uewal/encoding.go:327.3,328.18 2 1
github.com/aasyanov/uewal/encoding.go:328.18,331.4 2 1
github.com/aasyanov/uewal/encoding.go:332.3,342.8 4 1
github.com/aasyanov/uewal/encoding.go:345.2,345.32 1 1
github.com/aasyanov/uewal/encoding.go:350.77,354.22 4 1
github.com/aasyanov/uewal/encoding.go:354.22,357.17 3 1
github.com/aasyanov/uewal/encoding.go:357.17,359.4 1 1
github.com/aasyanov/uewal/encoding.go:360.3,362.13 3 1
github.com/aasyanov/uewal/encoding.go:364.2,364.22 1 1
github.com/aasyanov/uewal/encoding.go:373.39,375.2 1 1
github.com/aasyanov/uewal/encoding.go:377.27,379.2 1 1
github.com/aasyanov/uewal/encoding.go:384.100,386.2 1 1
github.com/aasyanov/uewal/encoding.go:390.124,392.36 2 1
github.com/aasyanov/uewal/encoding.go:392.36,394.3 1 1
github.com/aasyanov/uewal/encoding.go:394.8,396.3 1 1
github.com/aasyanov/uewal/encoding.go:397.2,404.16 7 1
github.com/aasyanov/uewal/encoding.go:404.16,407.3 2 0
github.com/aasyanov/uewal/encoding.go:409.2,409.72 1 1
github.com/aasyanov/uewal/encoding.go:409.72,414.3 4 0
github.com/aasyanov/uewal/encoding.go:414.8,416.3 1 1
github.com/aasyanov/uewal/encoding.go:417.2,417.12 1 1
github.com/aasyanov/uewal/encoding.go:420.31,421.32 1 1
github.com/aasyanov/uewal/encoding.go:421.32,423.3 1 1
github.com/aasyanov/uewal/encoding.go:424.2,427.16 4 1
github.com/aasyanov/uewal/encoding.go:430.34,432.2 1 1
github.com/aasyanov/uewal/encoding.go:434.29,436.2 1 1
github.com/aasyanov/uewal/event.go:37.43,38.32 1 1
github.com/aasyanov/uewal/event.go:38.32,38.52 1 1
github.com/aasyanov/uewal/event.go:44.36,45.32 1 1
github.com/aasyanov/uewal/event.go:45.32,45.55 1 1
github.com/aasyanov/uewal/event.go:72.29,74.2 1 1
github.com/aasyanov/uewal/event.go:78.73,79.20 1 1
github.com/aasyanov/uewal/event.go:79.20,83.16 4 1
github.com/aasyanov/uewal/event.go:83.16,94.4 5 1
github.com/aasyanov/uewal/event.go:94.9,96.4 1 1
github.com/aasyanov/uewal/event.go:97.3,97.9 1 1
github.com/aasyanov/uewal/event.go:99.2,99.40 1 1
github.com/aasyanov/uewal/event.go:103.76,105.26 2 1
github.com/aasyanov/uewal/event.go:105.26,107.3 1 1
github.com/aasyanov/uewal/event.go:108.2,108.22 1 1
github.com/aasyanov/uewal/event.go:108.22,110.3 1 1
github.com/aasyanov/uewal/event.go:111.2,112.18 2 1
github.com/aasyanov/uewal/event.go:112.18,114.3 1 1
github.com/aasyanov/uewal/event.go:115.2,116.15 2 1
github.com/aasyanov/uewal/event.go:116.15,127.3 5 1
github.com/aasyanov/uewal/event.go:127.8,129.3 1 0
github.com/aasyanov/uewal/event.go:134.79,135.20 1 1
github.com/aasyanov/uewal/event.go:135.20,146.3 4 1
github.com/aasyanov/uewal/event.go:147.2,147.46 1 1
github.com/aasyanov/uewal/event.go:151.82,153.26 2 1
github.com/aasyanov/uewal/event.go:153.26,155.3 1 1
github.com/aasyanov/uewal/event.go:156.2,156.22 1 1
github.com/aasyanov/uewal/event.go:156.22,158.3 1 1
github.com/aasyanov/uewal/event.go:159.2,160.18 2 1
github.com/aasyanov/uewal/event.go:160.18,162.3 1 1
github.com/aasyanov/uewal/event.go:163.2,169.4 1 1
github.com/aasyanov/uewal/event.go:173.27,173.52 1 1
github.com/aasyanov/uewal/event.go:176.25,182.2 5 1
github.com/aasyanov/uewal/event.go:184.35,185.25 1 1
github.com/aasyanov/uewal/event.go:185.25,188.3 2 1
github.com/aasyanov/uewal/event.go:188.8,188.43 1 1
github.com/aasyanov/uewal/event.go:188.43,190.3 1 1
github.com/aasyanov/uewal/event.go:193.34,194.17 1 1
github.com/aasyanov/uewal/event.go:194.17,196.3 1 1
github.com/aasyanov/uewal/event.go:197.2,197.10 1 1
github.com/aasyanov/uewal/flock_windows.go:24.45,36.13 5 1
github.com/aasyanov/uewal/flock_windows.go:36.13,38.3 1 1
github.com/aasyanov/uewal/flock_windows.go:39.2,39.28 1 1
github.com/aasyanov/uewal/flock_windows.go:43.32,44.19 1 1
github.com/aasyanov/uewal/flock_windows.go:44.19,46.3 1 0
github.com/aasyanov/uewal/flock_windows.go:47.2,54.3 3 1
github.com/aasyanov/uewal/follow.go:43.51,44.21 1 1
github.com/aasyanov/uewal/follow.go:45.17,46.28 1 0
github.com/aasyanov/uewal/follow.go:47.19,48.24 1 1
github.com/aasyanov/uewal/follow.go:51.2,64.16 3 1
github.com/aasyanov/uewal/follow.go:70.48,73.6 2 1
github.com/aasyanov/uewal/follow.go:73.6,74.28 1 1
github.com/aasyanov/uewal/follow.go:74.28,78.4 3 1
github.com/aasyanov/uewal/follow.go:80.3,80.33 1 1
github.com/aasyanov/uewal/follow.go:80.33,86.4 5 1
github.com/aasyanov/uewal/follow.go:88.3,88.51 1 1
github.com/aasyanov/uewal/follow.go:88.51,91.18 3 1
github.com/aasyanov/uewal/follow.go:91.18,96.5 4 0
github.com/aasyanov/uewal/follow.go:97.4,100.22 3 1
github.com/aasyanov/uewal/follow.go:100.22,101.31 1 1
github.com/aasyanov/uewal/follow.go:101.31,102.30 1 1
github.com/aasyanov/uewal/follow.go:102.30,105.20 3 1
github.com/aasyanov/uewal/follow.go:108.5,108.13 1 1
github.com/aasyanov/uewal/follow.go:112.4,112.23 1 1
github.com/aasyanov/uewal/follow.go:112.23,115.13 3 1
github.com/aasyanov/uewal/follow.go:117.4,117.12 1 0
github.com/aasyanov/uewal/follow.go:120.3,120.22 1 1
github.com/aasyanov/uewal/follow.go:120.22,121.12 1 1
github.com/aasyanov/uewal/follow.go:123.3,123.20 1 1
github.com/aasyanov/uewal/follow.go:123.20,127.4 3 0
github.com/aasyanov/uewal/follow.go:129.3,131.15 3 1
github.com/aasyanov/uewal/follow.go:135.45,138.24 2 1
github.com/aasyanov/uewal/follow.go:138.24,139.62 1 1
github.com/aasyanov/uewal/follow.go:139.62,140.46 1 1
github.com/aasyanov/uewal/follow.go:140.46,142.5 1 1
github.com/aasyanov/uewal/follow.go:144.3,145.20 2 1
github.com/aasyanov/uewal/follow.go:148.2,149.24 2 1
github.com/aasyanov/uewal/follow.go:149.24,151.3 1 0
github.com/aasyanov/uewal/follow.go:152.2,153.63 2 1
github.com/aasyanov/uewal/follow.go:153.63,154.45 1 1
github.com/aasyanov/uewal/follow.go:154.45,156.4 1 1
github.com/aasyanov/uewal/follow.go:158.2,160.14 3 1
github.com/aasyanov/uewal/follow.go:163.58,165.21 2 1
github.com/aasyanov/uewal/follow.go:165.21,167.3 1 1
github.com/aasyanov/uewal/follow.go:168.2,168.15 1 1
github.com/aasyanov/uewal/follow.go:168.15,170.3 1 1
github.com/aasyanov/uewal/follow.go:172.2,173.16 2 1
github.com/aasyanov/uewal/follow.go:173.16,176.3 2 0
github.com/aasyanov/uewal/follow.go:177.2,183.20 6 1
github.com/aasyanov/uewal/follow.go:183.20,185.3 1 1
github.com/aasyanov/uewal/follow.go:186.2,186.13 1 1
github.com/aasyanov/uewal/follow.go:189.41,190.9 1 1
github.com/aasyanov/uewal/follow.go:191.38,192.10 1 1
github.com/aasyanov/uewal/follow.go:192.10,194.4 1 1
github.com/aasyanov/uewal/follow.go:195.17,195.17 0 1
github.com/aasyanov/uewal/follow.go:199.41,200.22 1 1
github.com/aasyanov/uewal/follow.go:200.22,204.3 3 1
github.com/aasyanov/uewal/follow.go:209.43,211.24 2 1
github.com/aasyanov/uewal/follow.go:211.24,214.3 2 1
github.com/aasyanov/uewal/follow.go:219.41,221.9 2 1
github.com/aasyanov/uewal/follow.go:222.29,222.29 0 1
github.com/aasyanov/uewal/follow.go:223.10,223.10 0 0
github.com/aasyanov/uewal/follow.go:225.2,228.12 4 1
github.com/aasyanov/uewal/hooks.go:37.33,38.24 1 1
github.com/aasyanov/uewal/hooks.go:38.24,39.19 1 1
github.com/aasyanov/uewal/hooks.go:39.19,39.36 1 1
github.com/aasyanov/uewal/hooks.go:43.41,44.32 1 1
github.com/aasyanov/uewal/hooks.go:44.32,45.19 1 1
github.com/aasyanov/uewal/hooks.go:45.19,45.44 1 1
github.com/aasyanov/uewal/hooks.go:49.55,50.31 1 1
github.com/aasyanov/uewal/hooks.go:50.31,51.19 1 1
github.com/aasyanov/uewal/hooks.go:51.19,51.44 1 1
github.com/aasyanov/uewal/hooks.go:55.69,56.28 1 1
github.com/aasyanov/uewal/hooks.go:56.28,57.19 1 1
github.com/aasyanov/uewal/hooks.go:57.19,57.64 1 1
github.com/aasyanov/uewal/hooks.go:61.42,62.28 1 1
github.com/aasyanov/uewal/hooks.go:62.28,63.19 1 1
github.com/aasyanov/uewal/hooks.go:63.19,63.41 1 1
github.com/aasyanov/uewal/hooks.go:67.58,68.27 1 1
github.com/aasyanov/uewal/hooks.go:68.27,69.19 1 1
github.com/aasyanov/uewal/hooks.go:69.19,69.43 1 1
github.com/aasyanov/uewal/hooks.go:73.36,74.27 1 1
github.com/aasyanov/uewal/hooks.go:74.27,75.19 1 1
github.com/aasyanov/uewal/hooks.go:75.19,75.39 1 1
github.com/aasyanov/uewal/hooks.go:79.57,80.26 1 1
github.com/aasyanov/uewal/hooks.go:80.26,81.19 1 1
github.com/aasyanov/uewal/hooks.go:81.19,81.42 1 1
github.com/aasyanov/uewal/hooks.go:85.70,86.29 1 1
github.com/aasyanov/uewal/hooks.go:86.29,87.19 1 1
github.com/aasyanov/uewal/hooks.go:87.19,87.60 1 1
github.com/aasyanov/uewal/hooks.go:91.41,92.23 1 1
github.com/aasyanov/uewal/hooks.go:92.23,93.19 1 1
github.com/aasyanov/uewal/hooks.go:93.19,93.40 1 1
github.com/aasyanov/uewal/hooks.go:97.52,98.27 1 1
github.com/aasyanov/uewal/hooks.go:98.27,99.19 1 1
github.com/aasyanov/uewal/hooks.go:99.19,99.43 1 1
github.com/aasyanov/uewal/hooks.go:103.50,104.25 1 1
github.com/aasyanov/uewal/hooks.go:104.25,105.19 1 1
github.com/aasyanov/uewal/hooks.go:105.19,105.41 1 1
github.com/aasyanov/uewal/hooks.go:109.26,110.15 1 1
github.com/aasyanov/uewal/hooks.go:110.15,110.32 1 1
github.com/aasyanov/uewal/hooks.go:111.2,111.6 1 1
github.com/aasyanov/uewal/iterator.go:24.33,25.32 1 1
github.com/aasyanov/uewal/iterator.go:25.32,27.9 2 1
github.com/aasyanov/uewal/iterator.go:27.9,29.4 1 1
github.com/aasyanov/uewal/iterator.go:29.9,31.4 1 1
github.com/aasyanov/uewal/iterator.go:32.3,32.12 1 1
github.com/aasyanov/uewal/iterator.go:35.2,35.6 1 1
github.com/aasyanov/uewal/iterator.go:35.6,36.20 1 1
github.com/aasyanov/uewal/iterator.go:36.20,38.4 1 0
github.com/aasyanov/uewal/iterator.go:40.3,40.33 1 1
github.com/aasyanov/uewal/iterator.go:40.33,44.4 3 1
github.com/aasyanov/uewal/iterator.go:46.3,46.51 1 1
github.com/aasyanov/uewal/iterator.go:46.51,49.18 3 1
github.com/aasyanov/uewal/iterator.go:49.18,50.29 1 0
github.com/aasyanov/uewal/iterator.go:50.29,52.6 1 0
github.com/aasyanov/uewal/iterator.go:53.5,53.13 1 0
github.com/aasyanov/uewal/iterator.go:55.4,60.22 5 1
github.com/aasyanov/uewal/iterator.go:60.22,61.31 1 1
github.com/aasyanov/uewal/iterator.go:61.31,62.30 1 1
github.com/aasyanov/uewal/iterator.go:62.30,65.12 3 1
github.com/aasyanov/uewal/iterator.go:67.6,67.28 1 1
github.com/aasyanov/uewal/iterator.go:67.28,69.7 1 1
github.com/aasyanov/uewal/iterator.go:72.4,72.12 1 1
github.com/aasyanov/uewal/iterator.go:75.3,75.27 1 1
github.com/aasyanov/uewal/iterator.go:75.27,77.4 1 1
github.com/aasyanov/uewal/iterator.go:81.43,82.22 1 1
github.com/aasyanov/uewal/iterator.go:82.22,86.3 3 1
github.com/aasyanov/uewal/iterator.go:88.2,89.35 2 1
github.com/aasyanov/uewal/iterator.go:89.35,91.3 1 1
github.com/aasyanov/uewal/iterator.go:93.2,95.21 3 1
github.com/aasyanov/uewal/iterator.go:95.21,97.3 1 1
github.com/aasyanov/uewal/iterator.go:98.2,98.15 1 1
github.com/aasyanov/uewal/iterator.go:98.15,100.3 1 1
github.com/aasyanov/uewal/iterator.go:102.2,103.16 2 1
github.com/aasyanov/uewal/iterator.go:103.16,106.3 2 0
github.com/aasyanov/uewal/iterator.go:108.2,114.20 6 1
github.com/aasyanov/uewal/iterator.go:114.20,116.3 1 1
github.com/aasyanov/uewal/iterator.go:118.2,118.13 1 1
github.com/aasyanov/uewal/iterator.go:122.35,124.2 1 1
github.com/aasyanov/uewal/iterator.go:127.33,129.2 1 1
github.com/aasyanov/uewal/iterator.go:132.35,133.22 1 1
github.com/aasyanov/uewal/iterator.go:133.22,135.3 1 1
github.com/aasyanov/uewal/iterator.go:136.2,137.22 2 1
github.com/aasyanov/uewal/iterator.go:137.22,138.43 1 1
github.com/aasyanov/uewal/iterator.go:138.43,140.4 1 0
github.com/aasyanov/uewal/iterator.go:141.3,141.18 1 1
github.com/aasyanov/uewal/iterator.go:143.2,143.41 1 1
github.com/aasyanov/uewal/iterator.go:143.41,146.3 2 1
github.com/aasyanov/uewal/iterator.go:147.2,147.17 1 1
github.com/aasyanov/uewal/iterator.go:151.102,153.24 2 1
github.com/aasyanov/uewal/iterator.go:153.24,155.3 1 0
github.com/aasyanov/uewal/iterator.go:157.2,165.26 2 1
github.com/aasyanov/uewal/iterator.go:165.26,167.20 2 1
github.com/aasyanov/uewal/iterator.go:167.20,169.4 1 0
github.com/aasyanov/uewal/iterator.go:170.3,170.26 1 1
github.com/aasyanov/uewal/iterator.go:173.2,173.16 1 1
github.com/aasyanov/uewal/manager.go:27.127,30.16 3 1
github.com/aasyanov/uewal/manager.go:30.16,32.3 1 0
github.com/aasyanov/uewal/manager.go:33.2,33.34 1 1
github.com/aasyanov/uewal/manager.go:36.44,38.2 1 1
github.com/aasyanov/uewal/manager.go:40.75,42.16 2 1
github.com/aasyanov/uewal/manager.go:42.16,44.3 1 1
github.com/aasyanov/uewal/manager.go:45.2,45.31 1 1
github.com/aasyanov/uewal/manager.go:48.101,51.31 2 1
github.com/aasyanov/uewal/manager.go:51.31,53.42 2 1
github.com/aasyanov/uewal/manager.go:53.42,54.12 1 1
github.com/aasyanov/uewal/manager.go:56.3,65.15 6 1
github.com/aasyanov/uewal/manager.go:65.15,68.61 3 1
github.com/aasyanov/uewal/manager.go:68.61,70.5 1 1
github.com/aasyanov/uewal/manager.go:72.3,72.39 1 1
github.com/aasyanov/uewal/manager.go:75.2,75.26 1 1
github.com/aasyanov/uewal/manager.go:75.26,78.3 2 0
github.com/aasyanov/uewal/manager.go:80.2,81.24 2 1
github.com/aasyanov/uewal/manager.go:81.24,83.17 2 1
github.com/aasyanov/uewal/manager.go:83.17,85.4 1 0
github.com/aasyanov/uewal/manager.go:86.3,87.27 2 1
github.com/aasyanov/uewal/manager.go:87.27,89.4 1 0
github.com/aasyanov/uewal/manager.go:90.3,90.46 1 1
github.com/aasyanov/uewal/manager.go:93.2,95.16 3 0
github.com/aasyanov/uewal/manager.go:95.16,97.3 1 0
github.com/aasyanov/uewal/manager.go:98.2,99.48 2 0
github.com/aasyanov/uewal/manager.go:102.81,104.16 2 1
github.com/aasyanov/uewal/manager.go:104.16,106.3 1 0
github.com/aasyanov/uewal/manager.go:108.2,109.28 2 1
github.com/aasyanov/uewal/manager.go:109.28,110.53 1 1
github.com/aasyanov/uewal/manager.go:110.53,112.4 1 1
github.com/aasyanov/uewal/manager.go:114.2,116.24 2 1
github.com/aasyanov/uewal/manager.go:116.24,119.3 2 1
github.com/aasyanov/uewal/manager.go:121.2,124.32 3 1
github.com/aasyanov/uewal/manager.go:124.32,126.10 2 1
github.com/aasyanov/uewal/manager.go:126.10,127.12 1 0
github.com/aasyanov/uewal/manager.go:129.3,130.21 2 1
github.com/aasyanov/uewal/manager.go:130.21,131.12 1 0
github.com/aasyanov/uewal/manager.go:133.3,133.26 1 1
github.com/aasyanov/uewal/manager.go:133.26,137.4 3 1
github.com/aasyanov/uewal/manager.go:138.3,138.34 1 1
github.com/aasyanov/uewal/manager.go:138.34,140.4 1 1
github.com/aasyanov/uewal/manager.go:141.3,141.39 1 1
github.com/aasyanov/uewal/manager.go:144.2,144.26 1 1
github.com/aasyanov/uewal/manager.go:144.26,147.3 2 0
github.com/aasyanov/uewal/manager.go:149.2,150.24 2 1
github.com/aasyanov/uewal/manager.go:150.24,152.17 2 1
github.com/aasyanov/uewal/manager.go:152.17,154.4 1 0
github.com/aasyanov/uewal/manager.go:155.3,155.25 1 1
github.com/aasyanov/uewal/manager.go:155.25,157.4 1 0
github.com/aasyanov/uewal/manager.go:160.2,164.31 4 1
github.com/aasyanov/uewal/manager.go:167.60,169.24 2 1
github.com/aasyanov/uewal/manager.go:169.24,171.3 1 1
github.com/aasyanov/uewal/manager.go:172.2,173.16 2 1
github.com/aasyanov/uewal/manager.go:173.16,175.3 1 0
github.com/aasyanov/uewal/manager.go:176.2,177.22 2 1
github.com/aasyanov/uewal/manager.go:180.69,182.23 2 1
github.com/aasyanov/uewal/manager.go:182.23,184.3 1 1
github.com/aasyanov/uewal/manager.go:185.2,185.93 1 1
github.com/aasyanov/uewal/manager.go:188.98,190.16 2 1
github.com/aasyanov/uewal/manager.go:190.16,192.3 1 0
github.com/aasyanov/uewal/manager.go:193.2,194.19 2 1
github.com/aasyanov/uewal/manager.go:194.19,197.34 3 1
github.com/aasyanov/uewal/manager.go:197.34,199.4 1 0
github.com/aasyanov/uewal/manager.go:199.9,201.4 1 1
github.com/aasyanov/uewal/manager.go:202.3,202.21 1 1
github.com/aasyanov/uewal/manager.go:202.21,204.4 1 0
github.com/aasyanov/uewal/manager.go:205.3,208.16 4 1
github.com/aasyanov/uewal/manager.go:211.2,212.16 2 1
github.com/aasyanov/uewal/manager.go:212.16,214.3 1 0
github.com/aasyanov/uewal/manager.go:215.2,225.22 8 1
github.com/aasyanov/uewal/manager.go:225.22,227.21 2 1
github.com/aasyanov/uewal/manager.go:227.21,228.23 1 1
github.com/aasyanov/uewal/manager.go:228.23,230.5 1 1
github.com/aasyanov/uewal/manager.go:231.4,231.9 1 1
github.com/aasyanov/uewal/manager.go:233.3,233.21 1 1
github.com/aasyanov/uewal/manager.go:233.21,235.27 2 1
github.com/aasyanov/uewal/manager.go:235.27,237.5 1 1
github.com/aasyanov/uewal/manager.go:238.4,238.32 1 1
github.com/aasyanov/uewal/manager.go:238.32,240.5 1 0
github.com/aasyanov/uewal/manager.go:241.4,241.35 1 1
github.com/aasyanov/uewal/manager.go:243.3,249.22 3 1
github.com/aasyanov/uewal/manager.go:252.2,254.15 2 1
github.com/aasyanov/uewal/manager.go:254.15,257.3 2 1
github.com/aasyanov/uewal/manager.go:259.2,261.33 3 1
github.com/aasyanov/uewal/manager.go:261.33,263.3 1 1
github.com/aasyanov/uewal/manager.go:263.8,265.3 1 1
github.com/aasyanov/uewal/manager.go:266.2,266.20 1 1
github.com/aasyanov/uewal/manager.go:266.20,268.3 1 0
github.com/aasyanov/uewal/manager.go:269.2,269.59 1 1
github.com/aasyanov/uewal/manager.go:269.59,272.3 2 0
github.com/aasyanov/uewal/manager.go:273.2,279.21 6 1
github.com/aasyanov/uewal/manager.go:284.83,292.56 6 1
github.com/aasyanov/uewal/manager.go:292.56,294.3 1 0
github.com/aasyanov/uewal/manager.go:295.2,295.27 1 1
github.com/aasyanov/uewal/manager.go:295.27,298.3 2 1
github.com/aasyanov/uewal/manager.go:299.2,303.16 4 1
github.com/aasyanov/uewal/manager.go:303.16,305.3 1 0
github.com/aasyanov/uewal/manager.go:306.2,313.20 5 1
github.com/aasyanov/uewal/manager.go:316.43,317.26 1 1
github.com/aasyanov/uewal/manager.go:317.26,319.3 1 0
github.com/aasyanov/uewal/manager.go:321.2,326.33 5 1
github.com/aasyanov/uewal/manager.go:326.33,327.29 1 1
github.com/aasyanov/uewal/manager.go:327.29,329.12 2 1
github.com/aasyanov/uewal/manager.go:331.3,331.18 1 1
github.com/aasyanov/uewal/manager.go:331.18,333.12 2 0
github.com/aasyanov/uewal/manager.go:336.3,337.60 2 1
github.com/aasyanov/uewal/manager.go:337.60,339.4 1 1
github.com/aasyanov/uewal/manager.go:340.3,340.50 1 1
github.com/aasyanov/uewal/manager.go:340.50,341.65 1 1
github.com/aasyanov/uewal/manager.go:341.65,343.5 1 1
github.com/aasyanov/uewal/manager.go:345.3,345.65 1 1
github.com/aasyanov/uewal/manager.go:345.65,347.4 1 1
github.com/aasyanov/uewal/manager.go:349.3,349.19 1 1
github.com/aasyanov/uewal/manager.go:349.19,354.4 4 1
github.com/aasyanov/uewal/manager.go:354.9,356.4 1 1
github.com/aasyanov/uewal/manager.go:358.2,358.19 1 1
github.com/aasyanov/uewal/manager.go:361.50,363.31 2 1
github.com/aasyanov/uewal/manager.go:363.31,365.3 1 1
github.com/aasyanov/uewal/manager.go:366.2,366.14 1 1
github.com/aasyanov/uewal/manager.go:371.66,375.26 3 1
github.com/aasyanov/uewal/manager.go:375.26,377.3 1 0
github.com/aasyanov/uewal/manager.go:379.2,380.17 2 1
github.com/aasyanov/uewal/manager.go:380.17,381.45 1 1
github.com/aasyanov/uewal/manager.go:381.45,382.41 1 1
github.com/aasyanov/uewal/manager.go:382.41,384.10 2 1
github.com/aasyanov/uewal/manager.go:389.2,390.46 2 1
github.com/aasyanov/uewal/manager.go:390.46,394.3 3 1
github.com/aasyanov/uewal/manager.go:395.2,395.15 1 1
github.com/aasyanov/uewal/manager.go:398.59,399.25 1 1
github.com/aasyanov/uewal/manager.go:399.25,401.3 1 1
github.com/aasyanov/uewal/manager.go:405.59,409.31 4 1
github.com/aasyanov/uewal/manager.go:409.31,411.3 1 1
github.com/aasyanov/uewal/manager.go:412.2,412.12 1 1
github.com/aasyanov/uewal/manager.go:415.44,419.2 3 1
github.com/aasyanov/uewal/manager.go:421.45,425.2 3 1
github.com/aasyanov/uewal/manager.go:428.55,433.2 4 1
github.com/aasyanov/uewal/manager.go:436.60,439.33 3 1
github.com/aasyanov/uewal/manager.go:439.33,440.49 1 1
github.com/aasyanov/uewal/manager.go:440.49,442.4 1 1
github.com/aasyanov/uewal/manager.go:444.2,444.12 1 1
github.com/aasyanov/uewal/manager.go:448.104,464.53 10 1
github.com/aasyanov/uewal/manager.go:464.53,466.3 1 1
github.com/aasyanov/uewal/manager.go:470.2,471.62 2 1
github.com/aasyanov/uewal/manager.go:471.62,473.3 1 1
github.com/aasyanov/uewal/manager.go:474.2,475.35 2 1
github.com/aasyanov/uewal/manager.go:475.35,476.40 1 1
github.com/aasyanov/uewal/manager.go:476.40,478.9 2 1
github.com/aasyanov/uewal/manager.go:482.2,486.22 5 1
github.com/aasyanov/uewal/manager.go:491.67,496.33 4 1
github.com/aasyanov/uewal/manager.go:496.33,497.29 1 1
github.com/aasyanov/uewal/manager.go:497.29,499.12 2 1
github.com/aasyanov/uewal/manager.go:501.3,501.46 1 1
github.com/aasyanov/uewal/manager.go:501.46,503.12 2 1
github.com/aasyanov/uewal/manager.go:505.3,506.29 2 1
github.com/aasyanov/uewal/manager.go:508.2,508.19 1 1
github.com/aasyanov/uewal/manager.go:513.71,518.33 4 1
github.com/aasyanov/uewal/manager.go:518.33,519.29 1 1
github.com/aasyanov/uewal/manager.go:519.29,521.12 2 1
github.com/aasyanov/uewal/manager.go:523.3,523.46 1 1
github.com/aasyanov/uewal/manager.go:523.46,525.12 2 1
github.com/aasyanov/uewal/manager.go:527.3,528.29 2 1
github.com/aasyanov/uewal/manager.go:530.2,530.19 1 1
github.com/aasyanov/uewal/manager.go:534.46,537.26 3 1
github.com/aasyanov/uewal/manager.go:537.26,539.3 1 1
github.com/aasyanov/uewal/manager.go:540.2,541.27 2 1
github.com/aasyanov/uewal/manager.go:541.27,542.47 1 1
github.com/aasyanov/uewal/manager.go:542.47,544.4 1 0
github.com/aasyanov/uewal/manager.go:545.3,545.32 1 1
github.com/aasyanov/uewal/manager.go:547.2,547.12 1 0
github.com/aasyanov/uewal/manifest.go:45.37,54.30 7 1
github.com/aasyanov/uewal/manifest.go:54.30,61.15 7 1
github.com/aasyanov/uewal/manifest.go:61.15,63.4 1 1
github.com/aasyanov/uewal/manifest.go:64.3,64.27 1 1
github.com/aasyanov/uewal/manifest.go:67.2,69.12 3 1
github.com/aasyanov/uewal/manifest.go:72.56,73.52 1 1
github.com/aasyanov/uewal/manifest.go:73.52,75.3 1 1
github.com/aasyanov/uewal/manifest.go:77.2,78.32 2 1
github.com/aasyanov/uewal/manifest.go:78.32,80.3 1 1
github.com/aasyanov/uewal/manifest.go:82.2,86.29 4 1
github.com/aasyanov/uewal/manifest.go:86.29,88.3 1 1
github.com/aasyanov/uewal/manifest.go:90.2,93.30 4 1
github.com/aasyanov/uewal/manifest.go:93.30,95.3 1 1
github.com/aasyanov/uewal/manifest.go:97.2,99.25 3 1
github.com/aasyanov/uewal/manifest.go:99.25,110.3 2 1
github.com/aasyanov/uewal/manifest.go:112.2,112.59 1 1
github.com/aasyanov/uewal/manifest.go:116.51,120.61 3 1
github.com/aasyanov/uewal/manifest.go:120.61,122.3 1 0
github.com/aasyanov/uewal/manifest.go:124.2,124.47 1 1
github.com/aasyanov/uewal/manifest.go:124.47,127.3 2 0
github.com/aasyanov/uewal/manifest.go:128.2,128.12 1 1
github.com/aasyanov/uewal/manifest.go:132.50,134.16 2 1
github.com/aasyanov/uewal/manifest.go:134.16,136.3 1 1
github.com/aasyanov/uewal/manifest.go:137.2,137.32 1 1
github.com/aasyanov/uewal/manifest.go:141.64,146.29 2 1
github.com/aasyanov/uewal/manifest.go:146.29,156.3 1 1
github.com/aasyanov/uewal/manifest.go:157.2,157.10 1 1
github.com/aasyanov/uewal/mmap.go:17.63,18.15 1 1
github.com/aasyanov/uewal/mmap.go:18.15,20.3 1 1
github.com/aasyanov/uewal/mmap.go:21.2,22.16 2 1
github.com/aasyanov/uewal/mmap.go:22.16,24.3 1 0
github.com/aasyanov/uewal/mmap.go:25.2,26.16 2 1
github.com/aasyanov/uewal/mmap.go:26.16,29.3 2 0
github.com/aasyanov/uewal/mmap.go:30.2,30.60 1 1
github.com/aasyanov/uewal/mmap.go:35.37,37.2 1 1
github.com/aasyanov/uewal/mmap.go:41.36,42.19 1 1
github.com/aasyanov/uewal/mmap.go:42.19,43.17 1 1
github.com/aasyanov/uewal/mmap.go:43.17,47.4 3 1
github.com/aasyanov/uewal/mmap.go:48.3,48.13 1 1
github.com/aasyanov/uewal/mmap.go:50.2,53.16 4 1
github.com/aasyanov/uewal/mmap.go:53.16,54.38 1 1
github.com/aasyanov/uewal/mmap.go:54.38,56.4 1 1
github.com/aasyanov/uewal/mmap.go:57.3,57.12 1 1
github.com/aasyanov/uewal/mmap.go:59.2,59.12 1 1
github.com/aasyanov/uewal/mmap_windows.go:22.53,27.16 3 1
github.com/aasyanov/uewal/mmap_windows.go:27.16,29.3 1 0
github.com/aasyanov/uewal/mmap_windows.go:31.2,33.16 2 1
github.com/aasyanov/uewal/mmap_windows.go:33.16,36.3 2 0
github.com/aasyanov/uewal/mmap_windows.go:38.2,46.18 7 1
github.com/aasyanov/uewal/mmap_windows.go:50.36,51.20 1 1
github.com/aasyanov/uewal/mmap_windows.go:51.20,53.3 1 0
github.com/aasyanov/uewal/mmap_windows.go:54.2,55.41 2 1
github.com/aasyanov/uewal/options.go:90.29,100.2 1 1
github.com/aasyanov/uewal/options.go:106.38,107.25 1 1
github.com/aasyanov/uewal/options.go:107.25,107.43 1 1
github.com/aasyanov/uewal/options.go:111.47,112.25 1 1
github.com/aasyanov/uewal/options.go:112.25,112.47 1 1
github.com/aasyanov/uewal/options.go:116.50,117.25 1 1
github.com/aasyanov/uewal/options.go:117.25,117.47 1 1
github.com/aasyanov/uewal/options.go:121.34,122.25 1 1
github.com/aasyanov/uewal/options.go:122.25,123.12 1 1
github.com/aasyanov/uewal/options.go:123.12,125.4 1 1
github.com/aasyanov/uewal/options.go:130.35,131.25 1 1
github.com/aasyanov/uewal/options.go:131.25,132.12 1 1
github.com/aasyanov/uewal/options.go:132.12,134.4 1 1
github.com/aasyanov/uewal/options.go:139.37,140.25 1 1
github.com/aasyanov/uewal/options.go:140.25,141.12 1 1
github.com/aasyanov/uewal/options.go:141.12,143.4 1 1
github.com/aasyanov/uewal/options.go:148.41,149.25 1 1
github.com/aasyanov/uewal/options.go:149.25,150.12 1 1
github.com/aasyanov/uewal/options.go:150.12,152.4 1 1
github.com/aasyanov/uewal/options.go:157.48,158.25 1 1
github.com/aasyanov/uewal/options.go:158.25,158.48 1 1
github.com/aasyanov/uewal/options.go:162.36,163.25 1 1
github.com/aasyanov/uewal/options.go:163.25,164.12 1 1
github.com/aasyanov/uewal/options.go:164.12,166.4 1 1
github.com/aasyanov/uewal/options.go:171.40,172.25 1 1
github.com/aasyanov/uewal/options.go:172.25,173.12 1 1
github.com/aasyanov/uewal/options.go:173.12,175.4 1 1
github.com/aasyanov/uewal/options.go:180.47,181.25 1 1
github.com/aasyanov/uewal/options.go:181.25,181.47 1 1
github.com/aasyanov/uewal/options.go:185.37,186.25 1 1
github.com/aasyanov/uewal/options.go:186.25,186.46 1 1
github.com/aasyanov/uewal/options.go:190.35,191.25 1 1
github.com/aasyanov/uewal/options.go:191.25,191.45 1 1
github.com/aasyanov/uewal/options.go:195.45,196.25 1 1
github.com/aasyanov/uewal/options.go:196.25,196.48 1 1
github.com/aasyanov/uewal/options.go:200.36,201.25 1 1
github.com/aasyanov/uewal/options.go:201.25,201.44 1 1
github.com/aasyanov/uewal/options.go:205.32,206.25 1 1
github.com/aasyanov/uewal/options.go:206.25,206.40 1 1
github.com/aasyanov/uewal/options.go:218.50,219.25 1 1
github.com/aasyanov/uewal/options.go:219.25,219.49 1 1
github.com/aasyanov/uewal/pool.go:7.18,10.3 2 1
github.com/aasyanov/uewal/pool.go:19.13,20.30 1 1
github.com/aasyanov/uewal/pool.go:20.30,22.36 2 1
github.com/aasyanov/uewal/pool.go:22.36,25.4 2 1
github.com/aasyanov/uewal/pool.go:31.45,32.39 1 1
github.com/aasyanov/uewal/pool.go:32.39,33.18 1 1
github.com/aasyanov/uewal/pool.go:33.18,36.4 2 1
github.com/aasyanov/uewal/pool.go:38.2,38.30 1 1
github.com/aasyanov/uewal/pool.go:42.44,43.50 1 1
github.com/aasyanov/uewal/pool.go:43.50,45.3 1 1
github.com/aasyanov/uewal/pool.go:46.2,47.31 2 1
github.com/aasyanov/uewal/pool.go:50.50,53.16 3 1
github.com/aasyanov/uewal/pool.go:53.16,55.3 1 1
github.com/aasyanov/uewal/pool.go:55.8,57.3 1 1
github.com/aasyanov/uewal/pool.go:58.2,58.14 1 1
github.com/aasyanov/uewal/pool.go:61.47,62.19 1 1
github.com/aasyanov/uewal/pool.go:62.19,63.25 1 1
github.com/aasyanov/uewal/pool.go:63.25,65.4 1 1
github.com/aasyanov/uewal/pool.go:66.3,66.18 1 1
github.com/aasyanov/uewal/pool.go:68.2,69.25 2 1
github.com/aasyanov/uewal/queue.go:56.30,57.12 1 1
github.com/aasyanov/uewal/queue.go:57.12,59.3 1 0
github.com/aasyanov/uewal/queue.go:60.2,67.10 8 1
github.com/aasyanov/uewal/queue.go:70.46,79.2 4 1
github.com/aasyanov/uewal/queue.go:81.49,82.6 1 1
github.com/aasyanov/uewal/queue.go:82.6,83.22 1 1
github.com/aasyanov/uewal/queue.go:83.22,85.4 1 1
github.com/aasyanov/uewal/queue.go:86.3,89.25 3 1
github.com/aasyanov/uewal/queue.go:89.25,92.8 2 1
github.com/aasyanov/uewal/queue.go:92.8,93.24 1 1
github.com/aasyanov/uewal/queue.go:93.24,96.6 2 0
github.com/aasyanov/uewal/queue.go:97.5,99.22 3 1
github.com/aasyanov/uewal/queue.go:99.22,100.11 1 1
github.com/aasyanov/uewal/queue.go:102.5,102.23 1 1
github.com/aasyanov/uewal/queue.go:104.4,105.12 2 1
github.com/aasyanov/uewal/queue.go:108.3,108.42 1 1
github.com/aasyanov/uewal/queue.go:108.42,114.11 4 1
github.com/aasyanov/uewal/queue.go:115.32,115.32 0 1
github.com/aasyanov/uewal/queue.go:116.12,116.12 0 1
github.com/aasyanov/uewal/queue.go:118.4,118.15 1 1
github.com/aasyanov/uewal/queue.go:120.3,120.20 1 1
github.com/aasyanov/uewal/queue.go:124.52,125.6 1 1
github.com/aasyanov/uewal/queue.go:125.6,126.22 1 1
github.com/aasyanov/uewal/queue.go:126.22,128.4 1 0
github.com/aasyanov/uewal/queue.go:129.3,131.25 3 1
github.com/aasyanov/uewal/queue.go:131.25,133.4 1 1
github.com/aasyanov/uewal/queue.go:134.3,134.42 1 1
github.com/aasyanov/uewal/queue.go:134.42,138.11 4 1
github.com/aasyanov/uewal/queue.go:139.32,139.32 0 1
github.com/aasyanov/uewal/queue.go:140.12,140.12 0 1
github.com/aasyanov/uewal/queue.go:142.4,142.15 1 1
github.com/aasyanov/uewal/queue.go:144.3,144.20 1 0
github.com/aasyanov/uewal/queue.go:148.76,149.6 1 1
github.com/aasyanov/uewal/queue.go:149.6,153.19 3 1
github.com/aasyanov/uewal/queue.go:153.19,154.23 1 1
github.com/aasyanov/uewal/queue.go:154.23,156.5 1 1
github.com/aasyanov/uewal/queue.go:158.4,159.23 2 1
github.com/aasyanov/uewal/queue.go:159.23,163.21 3 1
github.com/aasyanov/uewal/queue.go:163.21,165.6 1 1
github.com/aasyanov/uewal/queue.go:167.4,167.12 1 1
github.com/aasyanov/uewal/queue.go:171.3,172.19 2 1
github.com/aasyanov/uewal/queue.go:172.19,174.30 2 1
github.com/aasyanov/uewal/queue.go:174.30,176.29 1 1
github.com/aasyanov/uewal/queue.go:176.29,177.31 1 1
github.com/aasyanov/uewal/queue.go:177.31,178.12 1 1
github.com/aasyanov/uewal/queue.go:180.6,180.23 1 1
github.com/aasyanov/uewal/queue.go:182.5,182.31 1 1
github.com/aasyanov/uewal/queue.go:182.31,183.11 1 0
github.com/aasyanov/uewal/queue.go:186.4,190.18 5 1
github.com/aasyanov/uewal/queue.go:193.3,193.14 1 1
github.com/aasyanov/uewal/queue.go:193.14,198.4 3 1
github.com/aasyanov/uewal/queue.go:200.3,200.20 1 0
github.com/aasyanov/uewal/queue.go:204.30,208.9 3 1
github.com/aasyanov/uewal/queue.go:209.30,209.30 0 1
github.com/aasyanov/uewal/queue.go:210.10,210.10 0 1
github.com/aasyanov/uewal/queue.go:214.33,217.18 3 1
github.com/aasyanov/uewal/queue.go:217.18,219.3 1 1
github.com/aasyanov/uewal/queue.go:220.2,220.10 1 0
github.com/aasyanov/uewal/replay.go:8.102,12.31 3 1
github.com/aasyanov/uewal/replay.go:12.31,14.22 2 1
github.com/aasyanov/uewal/replay.go:14.22,16.4 1 1
github.com/aasyanov/uewal/replay.go:17.3,17.16 1 1
github.com/aasyanov/uewal/replay.go:17.16,18.12 1 1
github.com/aasyanov/uewal/replay.go:21.3,22.17 2 1
github.com/aasyanov/uewal/replay.go:22.17,23.12 1 0
github.com/aasyanov/uewal/replay.go:26.3,29.18 3 1
github.com/aasyanov/uewal/replay.go:29.18,31.4 1 1
github.com/aasyanov/uewal/replay.go:33.3,37.23 2 1
github.com/aasyanov/uewal/replay.go:37.23,40.21 3 1
github.com/aasyanov/uewal/replay.go:40.21,41.10 1 0
github.com/aasyanov/uewal/replay.go:43.4,45.30 3 1
github.com/aasyanov/uewal/replay.go:45.30,46.25 1 1
github.com/aasyanov/uewal/replay.go:46.25,47.14 1 1
github.com/aasyanov/uewal/replay.go:49.5,49.34 1 1
github.com/aasyanov/uewal/replay.go:49.34,51.11 2 1
github.com/aasyanov/uewal/replay.go:54.4,54.26 1 1
github.com/aasyanov/uewal/replay.go:54.26,55.10 1 1
github.com/aasyanov/uewal/replay.go:59.3,61.25 2 1
github.com/aasyanov/uewal/replay.go:61.25,62.36 1 1
github.com/aasyanov/uewal/replay.go:62.36,64.5 1 1
github.com/aasyanov/uewal/replay.go:65.4,65.22 1 1
github.com/aasyanov/uewal/replay.go:69.2,69.12 1 1
github.com/aasyanov/uewal/replay.go:74.111,78.31 3 1
github.com/aasyanov/uewal/replay.go:78.31,80.22 2 1
github.com/aasyanov/uewal/replay.go:80.22,82.4 1 1
github.com/aasyanov/uewal/replay.go:83.3,83.16 1 1
github.com/aasyanov/uewal/replay.go:83.16,84.12 1 0
github.com/aasyanov/uewal/replay.go:87.3,88.17 2 1
github.com/aasyanov/uewal/replay.go:88.17,89.12 1 0
github.com/aasyanov/uewal/replay.go:92.3,95.18 3 1
github.com/aasyanov/uewal/replay.go:95.18,97.4 1 1
github.com/aasyanov/uewal/replay.go:99.3,103.23 2 1
github.com/aasyanov/uewal/replay.go:103.23,106.21 3 1
github.com/aasyanov/uewal/replay.go:106.21,107.10 1 0
github.com/aasyanov/uewal/replay.go:109.4,112.19 3 1
github.com/aasyanov/uewal/replay.go:112.19,114.31 2 1
github.com/aasyanov/uewal/replay.go:114.31,115.27 1 1
github.com/aasyanov/uewal/replay.go:115.27,117.7 1 1
github.com/aasyanov/uewal/replay.go:119.5,119.22 1 1
github.com/aasyanov/uewal/replay.go:122.4,122.23 1 1
github.com/aasyanov/uewal/replay.go:122.23,123.38 1 1
github.com/aasyanov/uewal/replay.go:123.38,125.11 2 1
github.com/aasyanov/uewal/replay.go:130.3,132.25 2 1
github.com/aasyanov/uewal/replay.go:132.25,134.4 1 1
github.com/aasyanov/uewal/replay.go:137.2,137.12 1 1
github.com/aasyanov/uewal/replication.go:16.77,17.21 1 1
github.com/aasyanov/uewal/replication.go:18.17,19.43 1 0
github.com/aasyanov/uewal/replication.go:20.19,21.39 1 1
github.com/aasyanov/uewal/replication.go:24.2,25.16 2 1
github.com/aasyanov/uewal/replication.go:25.16,27.3 1 1
github.com/aasyanov/uewal/replication.go:29.2,30.16 2 1
github.com/aasyanov/uewal/replication.go:30.16,32.3 1 0
github.com/aasyanov/uewal/replication.go:33.2,33.27 1 1
github.com/aasyanov/uewal/replication.go:40.47,41.45 1 1
github.com/aasyanov/uewal/replication.go:41.45,43.3 1 1
github.com/aasyanov/uewal/replication.go:45.2,45.32 1 1
github.com/aasyanov/uewal/replication.go:45.32,47.3 1 1
github.com/aasyanov/uewal/replication.go:48.2,48.78 1 1
github.com/aasyanov/uewal/replication.go:48.78,50.3 1 1
github.com/aasyanov/uewal/replication.go:52.2,53.70 2 1
github.com/aasyanov/uewal/replication.go:53.70,55.3 1 0
github.com/aasyanov/uewal/replication.go:56.2,61.30 5 1
github.com/aasyanov/uewal/replication.go:61.30,63.3 1 1
github.com/aasyanov/uewal/replication.go:65.2,66.16 2 1
github.com/aasyanov/uewal/replication.go:66.16,68.3 1 1
github.com/aasyanov/uewal/replication.go:69.2,80.26 7 1
github.com/aasyanov/uewal/replication.go:80.26,82.3 1 0
github.com/aasyanov/uewal/replication.go:83.2,85.44 2 1
github.com/aasyanov/uewal/replication.go:85.44,87.3 1 0
github.com/aasyanov/uewal/replication.go:88.2,90.12 3 1
github.com/aasyanov/uewal/replication.go:96.48,97.45 1 1
github.com/aasyanov/uewal/replication.go:97.45,99.3 1 0
github.com/aasyanov/uewal/replication.go:101.2,102.16 2 1
github.com/aasyanov/uewal/replication.go:102.16,104.3 1 0
github.com/aasyanov/uewal/replication.go:106.2,106.20 1 1
github.com/aasyanov/uewal/replication.go:106.20,108.3 1 0
github.com/aasyanov/uewal/replication.go:110.2,115.22 5 1
github.com/aasyanov/uewal/replication.go:115.22,117.21 2 1
github.com/aasyanov/uewal/replication.go:117.21,119.4 1 1
github.com/aasyanov/uewal/replication.go:120.3,120.22 1 1
github.com/aasyanov/uewal/replication.go:120.22,123.4 2 1
github.com/aasyanov/uewal/replication.go:124.3,124.21 1 1
github.com/aasyanov/uewal/replication.go:124.21,126.27 2 1
github.com/aasyanov/uewal/replication.go:126.27,128.5 1 1
github.com/aasyanov/uewal/replication.go:130.3,132.22 3 1
github.com/aasyanov/uewal/replication.go:135.2,135.19 1 1
github.com/aasyanov/uewal/replication.go:135.19,137.3 1 0
github.com/aasyanov/uewal/replication.go:139.2,141.59 3 1
github.com/aasyanov/uewal/replication.go:141.59,143.3 1 0
github.com/aasyanov/uewal/replication.go:145.2,152.6 5 1
github.com/aasyanov/uewal/replication.go:152.6,154.21 2 1
github.com/aasyanov/uewal/replication.go:154.21,155.9 1 1
github.com/aasyanov/uewal/replication.go:157.3,157.45 1 1
github.com/aasyanov/uewal/replication.go:157.45,158.9 1 1
github.com/aasyanov/uewal/replication.go:162.2,166.12 4 1
github.com/aasyanov/uewal/replication.go:169.55,172.22 3 1
github.com/aasyanov/uewal/replication.go:172.22,174.17 2 1
github.com/aasyanov/uewal/replication.go:174.17,175.9 1 0
github.com/aasyanov/uewal/replication.go:177.3,182.22 2 1
github.com/aasyanov/uewal/replication.go:184.2,184.11 1 1
github.com/aasyanov/uewal/segment.go:13.39,15.2 1 1
github.com/aasyanov/uewal/segment.go:17.42,19.2 1 1
github.com/aasyanov/uewal/segment.go:21.47,22.38 1 1
github.com/aasyanov/uewal/segment.go:22.38,24.3 1 1
github.com/aasyanov/uewal/segment.go:25.2,27.28 3 1
github.com/aasyanov/uewal/segment.go:27.28,29.3 1 1
github.com/aasyanov/uewal/segment.go:30.2,30.18 1 1
github.com/aasyanov/uewal/segment.go:69.38,80.2 1 1
github.com/aasyanov/uewal/segment.go:82.42,82.70 1 1
github.com/aasyanov/uewal/segment.go:83.42,83.70 1 1
github.com/aasyanov/uewal/segment.go:84.42,84.65 1 1
github.com/aasyanov/uewal/segment.go:85.42,85.64 1 1
github.com/aasyanov/uewal/segment.go:86.42,86.63 1 1
github.com/aasyanov/uewal/segment.go:88.32,88.49 1 1
github.com/aasyanov/uewal/segment.go:89.32,89.50 1 1
github.com/aasyanov/uewal/segment.go:90.32,90.60 1 1
github.com/aasyanov/uewal/segment.go:94.60,98.22 3 1
github.com/aasyanov/uewal/segment.go:98.22,99.42 1 1
github.com/aasyanov/uewal/segment.go:99.42,101.4 1 0
github.com/aasyanov/uewal/segment.go:102.3,102.56 1 1
github.com/aasyanov/uewal/segment.go:102.56,104.4 1 0
github.com/aasyanov/uewal/segment.go:107.2,108.45 2 1
github.com/aasyanov/uewal/segment.go:111.43,112.22 1 1
github.com/aasyanov/uewal/segment.go:112.22,115.3 2 1
github.com/aasyanov/uewal/segment.go:116.2,117.59 2 1
github.com/aasyanov/uewal/segment.go:120.125,126.15 5 1
github.com/aasyanov/uewal/segment.go:126.15,128.3 1 1
github.com/aasyanov/uewal/segment.go:128.8,130.3 1 1
github.com/aasyanov/uewal/segment.go:131.2,131.16 1 1
github.com/aasyanov/uewal/segment.go:131.16,133.3 1 0
github.com/aasyanov/uewal/segment.go:135.2,135.22 1 1
github.com/aasyanov/uewal/segment.go:135.22,136.58 1 1
github.com/aasyanov/uewal/segment.go:136.58,139.4 2 1
github.com/aasyanov/uewal/segment.go:142.2,149.17 3 1
github.com/aasyanov/uewal/segment.go:154.62,159.16 4 1
github.com/aasyanov/uewal/segment.go:159.16,161.3 1 0
github.com/aasyanov/uewal/segment.go:162.2,170.15 3 1
github.com/aasyanov/uewal/segment.go:170.15,172.3 1 0
github.com/aasyanov/uewal/segment.go:174.2,175.16 2 1
github.com/aasyanov/uewal/segment.go:175.16,177.3 1 0
github.com/aasyanov/uewal/segment.go:178.2,184.22 5 1
github.com/aasyanov/uewal/segment.go:184.22,186.21 2 1
github.com/aasyanov/uewal/segment.go:186.21,187.9 1 0
github.com/aasyanov/uewal/segment.go:189.3,189.21 1 1
github.com/aasyanov/uewal/segment.go:189.21,191.37 2 1
github.com/aasyanov/uewal/segment.go:191.37,193.5 1 1
github.com/aasyanov/uewal/segment.go:194.4,194.32 1 1
github.com/aasyanov/uewal/segment.go:194.32,196.5 1 1
github.com/aasyanov/uewal/segment.go:197.4,197.35 1 1
github.com/aasyanov/uewal/segment.go:199.3,204.22 2 1
github.com/aasyanov/uewal/segment.go:207.2,209.17 3 1
github.com/aasyanov/uewal/snapshot.go:13.60,15.2 1 1
github.com/aasyanov/uewal/snapshot.go:18.71,20.2 1 1
github.com/aasyanov/uewal/snapshot.go:23.55,25.2 1 1
github.com/aasyanov/uewal/snapshot.go:29.50,31.2 1 1
github.com/aasyanov/uewal/snapshot.go:36.46,37.23 1 1
github.com/aasyanov/uewal/snapshot.go:37.23,39.3 1 1
github.com/aasyanov/uewal/snapshot.go:40.2,42.12 3 1
github.com/aasyanov/uewal/sparse.go:36.55,38.25 2 1
github.com/aasyanov/uewal/sparse.go:38.25,40.3 1 0
github.com/aasyanov/uewal/sparse.go:41.2,42.33 2 1
github.com/aasyanov/uewal/sparse.go:42.33,44.3 1 1
github.com/aasyanov/uewal/sparse.go:45.2,45.12 1 1
github.com/aasyanov/uewal/sparse.go:48.48,49.23 1 1
github.com/aasyanov/uewal/sparse.go:49.23,51.3 1 1
github.com/aasyanov/uewal/sparse.go:54.46,56.2 1 1
github.com/aasyanov/uewal/sparse.go:60.34,62.2 1 1
github.com/aasyanov/uewal/sparse.go:64.34,66.2 1 1
github.com/aasyanov/uewal/sparse.go:70.42,72.2 1 1
github.com/aasyanov/uewal/sparse.go:74.32,77.2 2 1
github.com/aasyanov/uewal/sparse.go:81.54,84.2 2 1
github.com/aasyanov/uewal/sparse.go:89.60,91.12 2 1
github.com/aasyanov/uewal/sparse.go:91.12,92.19 1 1
github.com/aasyanov/uewal/sparse.go:92.19,94.4 1 1
github.com/aasyanov/uewal/sparse.go:95.8,96.27 1 1
github.com/aasyanov/uewal/sparse.go:96.27,98.4 1 1
github.com/aasyanov/uewal/sparse.go:100.2,100.17 1 1
github.com/aasyanov/uewal/sparse.go:100.17,102.3 1 1
github.com/aasyanov/uewal/sparse.go:103.2,103.10 1 1
github.com/aasyanov/uewal/sparse.go:109.49,111.2 1 1
github.com/aasyanov/uewal/sparse.go:116.57,118.2 1 1
github.com/aasyanov/uewal/sparse.go:120.63,121.12 1 1
github.com/aasyanov/uewal/sparse.go:121.12,123.3 1 1
github.com/aasyanov/uewal/sparse.go:124.2,125.39 2 1
github.com/aasyanov/uewal/sparse.go:125.39,127.3 1 1
github.com/aasyanov/uewal/sparse.go:128.2,128.12 1 1
github.com/aasyanov/uewal/sparse.go:128.12,130.3 1 1
github.com/aasyanov/uewal/sparse.go:131.2,131.28 1 1
github.com/aasyanov/uewal/sparse.go:136.56,137.26 1 1
github.com/aasyanov/uewal/sparse.go:137.26,139.3 1 1
github.com/aasyanov/uewal/sparse.go:140.2,140.53 1 1
github.com/aasyanov/uewal/sparse.go:140.53,142.3 1 1
github.com/aasyanov/uewal/sparse.go:143.2,143.26 1 1
github.com/aasyanov/uewal/sparse.go:143.26,145.3 1 1
github.com/aasyanov/uewal/sparse.go:146.2,146.29 1 1
github.com/aasyanov/uewal/sparse.go:150.38,151.26 1 1
github.com/aasyanov/uewal/sparse.go:151.26,153.3 1 1
github.com/aasyanov/uewal/sparse.go:154.2,154.47 1 1
github.com/aasyanov/uewal/sparse.go:158.46,159.26 1 1
github.com/aasyanov/uewal/sparse.go:159.26,161.3 1 1
github.com/aasyanov/uewal/sparse.go:162.2,162.48 1 1
github.com/aasyanov/uewal/sparse.go:166.47,167.26 1 1
github.com/aasyanov/uewal/sparse.go:167.26,169.3 1 1
github.com/aasyanov/uewal/sparse.go:170.2,170.32 1 1
github.com/aasyanov/uewal/sparse.go:175.41,178.31 3 1
github.com/aasyanov/uewal/sparse.go:178.31,183.3 4 1
github.com/aasyanov/uewal/sparse.go:184.2,186.12 3 1
github.com/aasyanov/uewal/sparse.go:190.62,191.19 1 1
github.com/aasyanov/uewal/sparse.go:191.19,193.3 1 0
github.com/aasyanov/uewal/sparse.go:194.2,195.34 2 1
github.com/aasyanov/uewal/sparse.go:195.34,197.3 1 1
github.com/aasyanov/uewal/sparse.go:199.2,201.30 3 1
github.com/aasyanov/uewal/sparse.go:201.30,203.3 1 1
github.com/aasyanov/uewal/sparse.go:205.2,207.25 3 1
github.com/aasyanov/uewal/sparse.go:207.25,214.3 2 1
github.com/aasyanov/uewal/sparse.go:215.2,217.16 3 1
github.com/aasyanov/uewal/sparse.go:221.59,223.2 1 1
github.com/aasyanov/uewal/sparse.go:226.57,228.16 2 1
github.com/aasyanov/uewal/sparse.go:228.16,230.3 1 1
github.com/aasyanov/uewal/sparse.go:231.2,231.35 1 1
github.com/aasyanov/uewal/state.go:35.32,36.11 1 1
github.com/aasyanov/uewal/state.go:37.17,38.16 1 1
github.com/aasyanov/uewal/state.go:39.20,40.19 1 1
github.com/aasyanov/uewal/state.go:41.21,42.20 1 1
github.com/aasyanov/uewal/state.go:43.19,44.18 1 1
github.com/aasyanov/uewal/state.go:45.10,46.19 1 1
github.com/aasyanov/uewal/state.go:57.38,59.2 1 1
github.com/aasyanov/uewal/state.go:68.57,69.32 1 1
github.com/aasyanov/uewal/state.go:69.32,71.3 1 1
github.com/aasyanov/uewal/state.go:72.2,72.56 1 1
github.com/aasyanov/uewal/state.go:76.43,77.14 1 1
github.com/aasyanov/uewal/state.go:78.17,79.28 1 1
github.com/aasyanov/uewal/state.go:80.20,81.29 1 1
github.com/aasyanov/uewal/state.go:82.21,83.27 1 1
github.com/aasyanov/uewal/state.go:84.10,85.15 1 1
github.com/aasyanov/uewal/state.go:91.47,92.19 1 1
github.com/aasyanov/uewal/state.go:93.20,94.13 1 1
github.com/aasyanov/uewal/state.go:95.21,96.21 1 1
github.com/aasyanov/uewal/state.go:97.19,98.19 1 1
github.com/aasyanov/uewal/state.go:99.10,100.23 1 1
github.com/aasyanov/uewal/stats.go:45.51,45.78 1 1
github.com/aasyanov/uewal/stats.go:46.51,46.79 1 1
github.com/aasyanov/uewal/stats.go:47.51,47.77 1 1
github.com/aasyanov/uewal/stats.go:48.51,48.76 1 1
github.com/aasyanov/uewal/stats.go:49.51,49.74 1 1
github.com/aasyanov/uewal/stats.go:50.51,50.80 1 1
github.com/aasyanov/uewal/stats.go:51.51,51.70 1 1
github.com/aasyanov/uewal/stats.go:52.51,52.76 1 1
github.com/aasyanov/uewal/stats.go:53.51,53.76 1 1
github.com/aasyanov/uewal/stats.go:54.51,54.79 1 1
github.com/aasyanov/uewal/stats.go:55.50,57.2 1 1
github.com/aasyanov/uewal/stats.go:59.113,77.2 1 1
github.com/aasyanov/uewal/storage.go:29.56,31.16 2 1
github.com/aasyanov/uewal/storage.go:31.16,33.3 1 0
github.com/aasyanov/uewal/storage.go:35.2,35.40 1 1
github.com/aasyanov/uewal/storage.go:35.40,38.3 2 0
github.com/aasyanov/uewal/storage.go:40.2,40.44 1 1
github.com/aasyanov/uewal/storage.go:44.38,44.56 1 1
github.com/aasyanov/uewal/storage.go:46.53,49.17 3 1
github.com/aasyanov/uewal/storage.go:49.17,51.3 1 1
github.com/aasyanov/uewal/storage.go:52.2,52.22 1 1
github.com/aasyanov/uewal/storage.go:57.59,59.2 1 1
github.com/aasyanov/uewal/storage.go:62.37,65.17 3 1
github.com/aasyanov/uewal/storage.go:65.17,67.3 1 1
github.com/aasyanov/uewal/storage.go:68.2,68.20 1 1
github.com/aasyanov/uewal/storage.go:73.43,75.2 1 1
github.com/aasyanov/uewal/storage.go:78.38,81.17 3 1
github.com/aasyanov/uewal/storage.go:81.17,83.3 1 1
github.com/aasyanov/uewal/storage.go:84.2,86.12 3 1
github.com/aasyanov/uewal/storage.go:90.46,93.17 3 1
github.com/aasyanov/uewal/storage.go:93.17,95.3 1 1
github.com/aasyanov/uewal/storage.go:96.2,97.16 2 1
github.com/aasyanov/uewal/storage.go:97.16,99.3 1 0
github.com/aasyanov/uewal/storage.go:100.2,100.25 1 1
github.com/aasyanov/uewal/storage.go:104.51,107.17 3 1
github.com/aasyanov/uewal/storage.go:107.17,109.3 1 1
github.com/aasyanov/uewal/storage.go:110.2,110.44 1 1
github.com/aasyanov/uewal/storage.go:110.44,112.3 1 0
github.com/aasyanov/uewal/storage.go:113.2,114.12 2 1
github.com/aasyanov/uewal/storage.go:118.65,121.17 3 1
github.com/aasyanov/uewal/storage.go:121.17,123.3 1 1
github.com/aasyanov/uewal/storage.go:124.2,124.28 1 1
github.com/aasyanov/uewal/wal.go:14.48,15.45 1 1
github.com/aasyanov/uewal/wal.go:15.45,17.3 1 1
github.com/aasyanov/uewal/wal.go:18.2,20.71 3 1
github.com/aasyanov/uewal/wal.go:26.54,27.45 1 1
github.com/aasyanov/uewal/wal.go:27.45,29.3 1 1
github.com/aasyanov/uewal/wal.go:30.2,30.79 1 1
github.com/aasyanov/uewal/wal.go:60.53,62.25 2 1
github.com/aasyanov/uewal/wal.go:62.25,64.3 1 1
github.com/aasyanov/uewal/wal.go:66.2,66.47 1 1
github.com/aasyanov/uewal/wal.go:66.47,68.3 1 0
github.com/aasyanov/uewal/wal.go:70.2,72.16 3 1
github.com/aasyanov/uewal/wal.go:72.16,74.3 1 0
github.com/aasyanov/uewal/wal.go:75.2,75.43 1 1
github.com/aasyanov/uewal/wal.go:75.43,78.3 2 1
github.com/aasyanov/uewal/wal.go:80.2,89.19 3 1
github.com/aasyanov/uewal/wal.go:89.19,93.3 3 0
github.com/aasyanov/uewal/wal.go:94.2,97.17 3 1
github.com/aasyanov/uewal/wal.go:97.17,99.3 1 1
github.com/aasyanov/uewal/wal.go:100.2,100.18 1 1
github.com/aasyanov/uewal/wal.go:100.18,102.3 1 1
github.com/aasyanov/uewal/wal.go:104.2,104.38 1 1
github.com/aasyanov/uewal/wal.go:104.38,106.3 1 1
github.com/aasyanov/uewal/wal.go:108.2,111.47 3 1
github.com/aasyanov/uewal/wal.go:111.47,116.3 4 0
github.com/aasyanov/uewal/wal.go:118.2,121.15 3 1
github.com/aasyanov/uewal/wal.go:126.29,127.45 1 1
github.com/aasyanov/uewal/wal.go:127.45,129.3 1 1
github.com/aasyanov/uewal/wal.go:130.2,132.26 3 1
github.com/aasyanov/uewal/wal.go:132.26,134.3 1 0
github.com/aasyanov/uewal/wal.go:135.2,136.28 2 1
github.com/aasyanov/uewal/wal.go:140.28,141.45 1 1
github.com/aasyanov/uewal/wal.go:141.45,143.3 1 1
github.com/aasyanov/uewal/wal.go:144.2,145.27 2 1
github.com/aasyanov/uewal/wal.go:145.27,147.3 1 1
github.com/aasyanov/uewal/wal.go:148.2,148.12 1 0
github.com/aasyanov/uewal/wal.go:152.60,153.21 1 1
github.com/aasyanov/uewal/wal.go:154.17,155.23 1 0
github.com/aasyanov/uewal/wal.go:156.19,157.19 1 1
github.com/aasyanov/uewal/wal.go:159.2,159.58 1 1
github.com/aasyanov/uewal/wal.go:163.53,164.21 1 1
github.com/aasyanov/uewal/wal.go:165.17,166.28 1 0
github.com/aasyanov/uewal/wal.go:167.19,168.24 1 1
github.com/aasyanov/uewal/wal.go:170.2,170.63 1 1
github.com/aasyanov/uewal/wal.go:175.30,176.45 1 1
github.com/aasyanov/uewal/wal.go:176.45,178.3 1 1
github.com/aasyanov/uewal/wal.go:179.2,181.26 3 1
github.com/aasyanov/uewal/wal.go:181.26,183.3 1 0
github.com/aasyanov/uewal/wal.go:184.2,185.28 2 1
github.com/aasyanov/uewal/wal.go:189.40,191.2 1 1
github.com/aasyanov/uewal/wal.go:196.42,197.45 1 1
github.com/aasyanov/uewal/wal.go:197.45,199.3 1 1
github.com/aasyanov/uewal/wal.go:200.2,200.38 1 1
github.com/aasyanov/uewal/wal.go:200.38,202.3 1 1
github.com/aasyanov/uewal/wal.go:203.2,203.34 1 1
github.com/aasyanov/uewal/wal.go:203.34,205.3 1 0
github.com/aasyanov/uewal/wal.go:206.2,206.67 1 1
github.com/aasyanov/uewal/wal.go:206.67,207.41 1 1
github.com/aasyanov/uewal/wal.go:207.41,209.4 1 0
github.com/aasyanov/uewal/wal.go:211.2,212.12 2 1
github.com/aasyanov/uewal/wal.go:216.69,217.15 1 1
github.com/aasyanov/uewal/wal.go:217.15,219.3 1 1
github.com/aasyanov/uewal/wal.go:220.2,220.21 1 1
github.com/aasyanov/uewal/wal.go:221.17,222.23 1 0
github.com/aasyanov/uewal/wal.go:223.19,224.19 1 1
github.com/aasyanov/uewal/wal.go:226.2,226.58 1 1
github.com/aasyanov/uewal/wal.go:226.58,227.18 1 1
github.com/aasyanov/uewal/wal.go:227.18,229.4 1 1
github.com/aasyanov/uewal/wal.go:230.3,230.16 1 1
github.com/aasyanov/uewal/wal.go:236.75,237.21 1 1
github.com/aasyanov/uewal/wal.go:238.17,239.23 1 0
github.com/aasyanov/uewal/wal.go:240.19,241.19 1 1
github.com/aasyanov/uewal/wal.go:243.2,243.65 1 1
github.com/aasyanov/uewal/wal.go:249.43,250.45 1 1
github.com/aasyanov/uewal/wal.go:250.45,252.3 1 1
github.com/aasyanov/uewal/wal.go:253.2,255.12 3 1
github.com/aasyanov/uewal/wal.go:260.47,261.45 1 1
github.com/aasyanov/uewal/wal.go:261.45,263.3 1 1
github.com/aasyanov/uewal/wal.go:264.2,266.12 3 1
github.com/aasyanov/uewal/wal.go:272.71,273.21 1 1
github.com/aasyanov/uewal/wal.go:274.17,275.23 1 0
github.com/aasyanov/uewal/wal.go:276.19,277.19 1 1
github.com/aasyanov/uewal/wal.go:279.2,280.17 2 1
github.com/aasyanov/uewal/wal.go:284.30,284.64 1 1
github.com/aasyanov/uewal/wal.go:286.29,286.57 1 1
github.com/aasyanov/uewal/wal.go:289.28,289.44 1 1
github.com/aasyanov/uewal/wal.go:292.29,292.51 1 1
github.com/aasyanov/uewal/wal.go:295.29,299.23 4 1
github.com/aasyanov/uewal/wal.go:299.23,305.3 5 1
github.com/aasyanov/uewal/wal.go:306.2,306.73 1 1
github.com/aasyanov/uewal/wal.go:310.51,311.32 1 1
github.com/aasyanov/uewal/wal.go:311.32,313.3 1 1
github.com/aasyanov/uewal/wal.go:315.2,315.27 1 1
github.com/aasyanov/uewal/wal.go:315.27,316.52 1 1
github.com/aasyanov/uewal/wal.go:316.52,317.66 1 0
github.com/aasyanov/uewal/wal.go:317.66,320.5 2 0
github.com/aasyanov/uewal/wal.go:321.4,322.10 2 0
github.com/aasyanov/uewal/wal.go:325.3,328.13 3 1
github.com/aasyanov/uewal/wal.go:328.13,335.29 4 1
github.com/aasyanov/uewal/wal.go:335.29,336.68 1 1
github.com/aasyanov/uewal/wal.go:336.68,338.6 1 0
github.com/aasyanov/uewal/wal.go:340.4,348.65 7 1
github.com/aasyanov/uewal/wal.go:348.65,350.5 1 0
github.com/aasyanov/uewal/wal.go:352.4,356.30 4 1
github.com/aasyanov/uewal/wal.go:360.2,360.9 1 1
github.com/aasyanov/uewal/wal.go:361.31,363.13 2 1
github.com/aasyanov/uewal/wal.go:364.20,365.19 1 1
github.com/aasyanov/uewal/wal.go:370.29,371.32 1 1
github.com/aasyanov/uewal/wal.go:371.32,373.3 1 0
github.com/aasyanov/uewal/wal.go:375.2,376.24 2 1
github.com/aasyanov/uewal/wal.go:376.24,377.34 1 1
github.com/aasyanov/uewal/wal.go:377.34,379.4 1 1
github.com/aasyanov/uewal/wal.go:381.3,388.28 6 1
github.com/aasyanov/uewal/wal.go:388.28,390.4 1 1
github.com/aasyanov/uewal/wal.go:391.3,398.46 7 1
github.com/aasyanov/uewal/wal.go:400.2,400.17 1 1
github.com/aasyanov/uewal/wal.go:403.29,404.23 1 1
github.com/aasyanov/uewal/wal.go:404.23,408.3 3 1
github.com/aasyanov/uewal/writer.go:70.141,92.51 6 1
github.com/aasyanov/uewal/writer.go:92.51,94.3 1 1
github.com/aasyanov/uewal/writer.go:95.2,95.34 1 1
github.com/aasyanov/uewal/writer.go:95.34,97.3 1 1
github.com/aasyanov/uewal/writer.go:98.2,98.10 1 1
github.com/aasyanov/uewal/writer.go:101.52,102.34 1 1
github.com/aasyanov/uewal/writer.go:102.34,104.3 1 1
github.com/aasyanov/uewal/writer.go:104.8,106.3 1 1
github.com/aasyanov/uewal/writer.go:107.2,107.34 1 1
github.com/aasyanov/uewal/writer.go:107.34,109.3 1 1
github.com/aasyanov/uewal/writer.go:109.8,111.3 1 1
github.com/aasyanov/uewal/writer.go:114.26,117.2 2 1
github.com/aasyanov/uewal/writer.go:119.25,121.15 2 1
github.com/aasyanov/uewal/writer.go:121.15,122.24 1 1
github.com/aasyanov/uewal/writer.go:122.24,124.4 1 1
github.com/aasyanov/uewal/writer.go:127.2,127.6 1 1
github.com/aasyanov/uewal/writer.go:127.6,130.10 3 1
github.com/aasyanov/uewal/writer.go:130.10,132.4 1 1
github.com/aasyanov/uewal/writer.go:133.3,133.29 1 1
github.com/aasyanov/uewal/writer.go:133.29,134.28 1 1
github.com/aasyanov/uewal/writer.go:134.28,137.13 3 1
github.com/aasyanov/uewal/writer.go:139.4,139.40 1 1
github.com/aasyanov/uewal/writer.go:139.40,142.13 3 1
github.com/aasyanov/uewal/writer.go:144.4,144.27 1 1
github.com/aasyanov/uewal/writer.go:144.27,146.5 1 1
github.com/aasyanov/uewal/writer.go:147.4,147.33 1 1
github.com/aasyanov/uewal/writer.go:149.3,150.29 2 1
github.com/aasyanov/uewal/writer.go:150.29,151.36 1 1
github.com/aasyanov/uewal/writer.go:151.36,153.5 1 1
github.com/aasyanov/uewal/writer.go:154.4,154.32 1 1
github.com/aasyanov/uewal/writer.go:162.41,163.22 1 1
github.com/aasyanov/uewal/writer.go:163.22,165.3 1 1
github.com/aasyanov/uewal/writer.go:166.2,167.69 2 1
github.com/aasyanov/uewal/writer.go:167.69,169.3 1 1
github.com/aasyanov/uewal/writer.go:170.2,170.14 1 1
github.com/aasyanov/uewal/writer.go:173.45,174.25 1 1
github.com/aasyanov/uewal/writer.go:174.25,176.3 1 1
github.com/aasyanov/uewal/writer.go:178.2,186.112 3 1
github.com/aasyanov/uewal/writer.go:186.112,191.3 4 0
github.com/aasyanov/uewal/writer.go:193.2,201.46 7 1
github.com/aasyanov/uewal/writer.go:204.46,205.25 1 1
github.com/aasyanov/uewal/writer.go:205.25,207.3 1 1
github.com/aasyanov/uewal/writer.go:210.32,212.19 2 1
github.com/aasyanov/uewal/writer.go:212.19,215.3 2 1
github.com/aasyanov/uewal/writer.go:217.2,221.21 4 1
github.com/aasyanov/uewal/writer.go:221.21,227.3 5 1
github.com/aasyanov/uewal/writer.go:227.8,229.3 1 1
github.com/aasyanov/uewal/writer.go:231.2,231.16 1 1
github.com/aasyanov/uewal/writer.go:231.16,236.3 4 0
github.com/aasyanov/uewal/writer.go:238.2,239.29 2 1
github.com/aasyanov/uewal/writer.go:239.29,241.3 1 1
github.com/aasyanov/uewal/writer.go:242.2,247.37 4 1
github.com/aasyanov/uewal/writer.go:247.37,253.34 2 1
github.com/aasyanov/uewal/writer.go:253.34,255.4 1 1
github.com/aasyanov/uewal/writer.go:256.3,256.35 1 1
github.com/aasyanov/uewal/writer.go:258.2,263.26 4 1
github.com/aasyanov/uewal/writer.go:263.26,265.3 1 1
github.com/aasyanov/uewal/writer.go:267.2,270.9 2 1
github.com/aasyanov/uewal/writer.go:271.31,271.31 0 1
github.com/aasyanov/uewal/writer.go:272.10,272.10 0 1
github.com/aasyanov/uewal/writer.go:275.2,275.22 1 1
github.com/aasyanov/uewal/writer.go:275.22,277.3 1 1
github.com/aasyanov/uewal/writer.go:282.46,284.37 2 1
github.com/aasyanov/uewal/writer.go:284.37,287.60 3 1
github.com/aasyanov/uewal/writer.go:287.60,288.9 1 0
github.com/aasyanov/uewal/writer.go:290.3,290.32 1 1
github.com/aasyanov/uewal/writer.go:290.32,292.4 1 1
github.com/aasyanov/uewal/writer.go:293.3,293.19 1 1
github.com/aasyanov/uewal/writer.go:297.52,299.19 2 1
github.com/aasyanov/uewal/writer.go:299.19,302.17 3 1
github.com/aasyanov/uewal/writer.go:302.17,304.4 1 0
github.com/aasyanov/uewal/writer.go:305.3,305.13 1 1
github.com/aasyanov/uewal/writer.go:305.13,307.4 1 0
github.com/aasyanov/uewal/writer.go:308.3,308.16 1 1
github.com/aasyanov/uewal/writer.go:310.2,310.19 1 1
github.com/aasyanov/uewal/writer.go:313.44,314.24 1 1
github.com/aasyanov/uewal/writer.go:315.17,316.20 1 1
github.com/aasyanov/uewal/writer.go:317.20,319.10 2 1
github.com/aasyanov/uewal/writer.go:320.23,322.26 2 1
github.com/aasyanov/uewal/writer.go:323.11,323.11 0 1
github.com/aasyanov/uewal/writer.go:328.41,330.20 2 1
github.com/aasyanov/uewal/writer.go:330.20,336.3 5 1
github.com/aasyanov/uewal/writer.go:336.8,338.3 1 1
github.com/aasyanov/uewal/writer.go:339.2,339.16 1 1
github.com/aasyanov/uewal/writer.go:339.16,342.3 2 0
github.com/aasyanov/uewal/writer.go:343.2,345.30 3 1
github.com/aasyanov/uewal/writer.go:348.38,349.71 1 1
github.com/aasyanov/uewal/writer.go:349.71,351.3 1 1
github.com/aasyanov/uewal/writer.go:352.2,352.71 1 1
github.com/aasyanov/uewal/writer.go:352.71,354.3 1 1
github.com/aasyanov/uewal/writer.go:355.2,355.14 1 1
github.com/aasyanov/uewal/writer.go:358.29,360.16 2 1
github.com/aasyanov/uewal/writer.go:360.16,363.3 2 0
github.com/aasyanov/uewal/writer.go:364.2,370.29 7 1
github.com/aasyanov/uewal/writer.go:370.29,372.3 1 1
github.com/aasyanov/uewal/writer.go:372.8,374.3 1 1
github.com/aasyanov/uewal/writer.go:377.25,381.27 4 1
github.com/aasyanov/uewal/writer.go:381.27,381.47 1 1
github.com/aasyanov/uewal/writer.go:384.29,385.27 1 1
github.com/aasyanov/uewal/writer.go:385.27,385.47 1 1
github.com/aasyanov/uewal/writer.go:388.41,390.18 2 1
github.com/aasyanov/uewal/writer.go:390.18,392.17 2 0
github.com/aasyanov/uewal/writer.go:392.17,394.4 1 0
github.com/aasyanov/uewal/writer.go:395.3,402.16 6 0
github.com/aasyanov/uewal/writer.go:404.2,404.18 1 1
github.com/aasyanov/uewal/writer.go:407.35,409.2 1 1
github.com/aasyanov/uewal/writer.go:413.46,415.16 2 1
github.com/aasyanov/uewal/writer.go:415.16,418.3 2 0
github.com/aasyanov/uewal/writer.go:420.2,436.33 10 1
github.com/aasyanov/uewal/writer.go:436.33,438.3 1 1
github.com/aasyanov/uewal/writer.go:439.2,451.9 9 1
github.com/aasyanov/uewal/writer.go:452.31,452.31 0 1
github.com/aasyanov/uewal/writer.go:453.10,453.10 0 1
github.com/aasyanov/uewal/writer.go:456.2,456.22 1 1
github.com/aasyanov/uewal/writer.go:456.22,458.3 1 0
github.com/aasyanov/uewal/writer.go:462.62,465.21 3 1
github.com/aasyanov/uewal/writer.go:465.21,469.17 4 1
github.com/aasyanov/uewal/writer.go:469.17,470.9 1 0
github.com/aasyanov/uewal/writer.go:472.3,474.25 3 1
github.com/aasyanov/uewal/writer.go:474.25,483.20 2 1
github.com/aasyanov/uewal/writer.go:483.20,483.52 1 1
github.com/aasyanov/uewal/writer.go:485.3,485.13 1 1
